<?xml version="1.0" encoding="UTF-8"?>
<testng-results total="1" passed="1" failed="0" skipped="0">
  <reporter-output>
  </reporter-output>
  <suite started-at="2024-08-30T11:06:20Z" name="Default suite" finished-at="2024-08-30T11:06:22Z" duration-ms="1234">
    <groups>
    </groups>
    <test started-at="2024-08-30T11:06:20Z" name="Default test" finished-at="2024-08-30T11:06:22Z" duration-ms="1234">
      <class name="org.testing.testScripts.TC1_PostRequest">
        <test-method is-config="true" signature="setup()[pri:0, instance:org.testing.testScripts.TC1_PostRequest@1b11171f]" started-at="2024-08-30T11:06:20Z" name="setup" finished-at="2024-08-30T11:06:20Z" duration-ms="63" status="PASS">
        </test-method>
        <test-method signature="testCase1()[pri:0, instance:org.testing.testScripts.TC1_PostRequest@1b11171f]" started-at="2024-08-30T11:06:20Z" name="testCase1" finished-at="2024-08-30T11:06:22Z" duration-ms="1162" status="PASS">
        </test-method>
      </class>
    </test>
  </suite>
</testng-results>
