<?xml version="1.0" encoding="UTF-8"?>
<!-- Generated by org.testng.reporters.JUnitXMLReporter -->
<testsuite hostname="Sandunis-MacBook-Air.local" failures="0" tests="4" name="Command line test 3f9a33f9-3185-4567-a23b-aa3d4afe3e49" time="110.471" errors="0" timestamp="31 Aug 2024 15:01:06 GMT">
  <testcase classname="org.testing.testScripts.TC1" name="testcase1" time="6.213"/>
  <testcase classname="org.testing.testScripts.TC2" name="testcase2" time="23.068"/>
  <testcase classname="org.testing.testScripts.TC3" name="testcase3" time="23.587"/>
  <testcase classname="org.testing.testScripts.TC4" name="testcase4" time="28.974"/>
</testsuite>
