<?xml version="1.0" encoding="UTF-8"?>
<!-- Generated by org.testng.reporters.JUnitXMLReporter -->
<testsuite hostname="Sandunis-MacBook-Air.local" failures="0" tests="4" name="Command line test 2f244bbb-5860-4cbe-805f-f072b174b186" time="115.671" errors="0" timestamp="31 Aug 2024 03:47:37 GMT">
  <testcase classname="org.testing.testScripts.TC1" name="testcase1" time="14.849"/>
  <testcase classname="org.testing.testScripts.TC2" name="testcase2" time="21.168"/>
  <testcase classname="org.testing.testScripts.TC3" name="testcase3" time="22.345"/>
  <testcase classname="org.testing.testScripts.TC4" name="testcase4" time="28.478"/>
</testsuite>
