<?xml version="1.0" encoding="UTF-8"?>
<!-- Generated by org.testng.reporters.JUnitXMLReporter -->
<testsuite hostname="Sandunis-MacBook-Air.local" failures="1" tests="4" name="Command line test 701f74bb-d916-4239-b779-087505179f3d" time="121.053" errors="0" timestamp="31 Aug 2024 02:50:12 GMT">
  <testcase classname="org.testing.testScripts.TC1" name="testcase1" time="23.778"/>
  <testcase classname="org.testing.testScripts.TC2" name="testcase2" time="21.514"/>
  <testcase classname="org.testing.testScripts.TC3" name="testcase3" time="23.318"/>
  <testcase classname="org.testing.testScripts.TC4" name="testcase4" time="22.067">
    <failure type="java.lang.AssertionError" message="Page title verification failed. Actual: Twinkle Twinkle Little Star | Nursery Rhymes for Kids | Super Simple Songs - YouTube, Expected: YouTube">
      <![CDATA[java.lang.AssertionError: Page title verification failed. Actual: Twinkle Twinkle Little Star | Nursery Rhymes for Kids | Super Simple Songs - YouTube, Expected: YouTube
	at org.testing.assertions.WebAssertions.pageTitleVerification(WebAssertions.java:53)
	at org.testing.testScripts.TC4.testcase4(TC4.java:27)
	at org.testing.trigger.runner.main(runner.java:69)
... Removed 22 stack frames]]>
    </failure>
  </testcase>
</testsuite>
