<?xml version="1.0" encoding="UTF-8"?>
<!-- Generated by org.testng.reporters.JUnitXMLReporter -->
<testsuite hostname="Sandunis-MacBook-Air.local" failures="0" tests="5" name="Command line test fbad15af-da29-4eba-9bea-c8c4c20bb6cc" time="152.321" errors="0" timestamp="1 Sep 2024 17:24:21 GMT">
  <testcase classname="org.testing.testScripts.TC1" name="testcase1" time="8.138"/>
  <testcase classname="org.testing.testScripts.TC2" name="testcase2" time="24.485"/>
  <testcase classname="org.testing.testScripts.TC3" name="testcase3" time="16.0"/>
  <testcase classname="org.testing.testScripts.TC4" name="testcase4" time="30.556"/>
  <testcase classname="org.testing.testScripts.TC5" name="testcase5" time="33.486"/>
</testsuite>
