<?xml version="1.0" encoding="UTF-8"?>
<!-- Generated by org.testng.reporters.JUnitXMLReporter -->
<testsuite hostname="Sandunis-MacBook-Air.local" failures="0" tests="4" name="Command line test 910a937e-fb80-4a8c-9d1f-1a904c41f2d6" time="130.143" errors="0" timestamp="31 Aug 2024 02:24:28 GMT">
  <testcase classname="org.testing.testScripts.TC1" name="testcase1" time="24.012"/>
  <testcase classname="org.testing.testScripts.TC2" name="testcase2" time="23.785"/>
  <testcase classname="org.testing.testScripts.TC3" name="testcase3" time="22.812"/>
  <testcase classname="org.testing.testScripts.TC4" name="testcase4" time="28.434"/>
</testsuite>
