<?xml version="1.0" encoding="UTF-8"?>
<!-- Generated by org.testng.reporters.JUnitXMLReporter -->
<testsuite hostname="Sandunis-MacBook-Air.local" failures="0" tests="4" name="Command line test 414e34f8-dde5-4440-83e0-ba7beb659848" time="135.852" errors="0" timestamp="1 Sep 2024 17:28:30 GMT">
  <testcase classname="org.testing.testScripts.TC1" name="testcase1" time="26.238"/>
  <testcase classname="org.testing.testScripts.TC2" name="testcase2" time="24.377"/>
  <testcase classname="org.testing.testScripts.TC3" name="testcase3" time="25.011"/>
  <testcase classname="org.testing.testScripts.TC4" name="testcase4" time="30.502"/>
</testsuite>
