<?xml version="1.0" encoding="UTF-8"?>
<!-- Generated by org.testng.reporters.JUnitXMLReporter -->
<testsuite hostname="Sandunis-MacBook-Air.local" failures="0" tests="3" name="Default test" time="0.013" errors="0" timestamp="7 Aug 2024 12:14:07 GMT">
  <testcase classname="YTFramework.YTW.AnnotationExecutionExample" name="testCase3" time="0.002"/>
  <testcase classname="YTFramework.YTW.AnnotationExecutionExample" name="testCase2" time="0.001"/>
  <testcase classname="YTFramework.YTW.AnnotationExecutionExample" name="testCase4" time="0.001"/>
</testsuite>
