<?xml version="1.0" encoding="UTF-8"?>
<testng-results total="4" passed="4" failed="0" skipped="0">
  <reporter-output>
  </reporter-output>
  <suite started-at="2024-09-01T21:26:14Z" name="Suite1" finished-at="2024-09-01T21:28:29Z" duration-ms="135852">
    <groups>
    </groups>
    <test started-at="2024-09-01T21:26:14Z" name="Command line test 414e34f8-dde5-4440-83e0-ba7beb659848" finished-at="2024-09-01T21:28:29Z" duration-ms="135852">
      <class name="org.testing.testScripts.TC1">
        <test-method is-config="true" signature="init()[pri:0, instance:org.testing.testScripts.TC1@694e1548]" started-at="2024-09-01T21:26:14Z" name="init" finished-at="2024-09-01T21:26:20Z" duration-ms="6192" status="PASS">
        </test-method>
        <test-method signature="testcase1()[pri:0, instance:org.testing.testScripts.TC1@694e1548]" started-at="2024-09-01T21:26:20Z" name="testcase1" finished-at="2024-09-01T21:26:46Z" duration-ms="26238" status="PASS">
        </test-method>
        <test-method is-config="true" signature="closure()[pri:0, instance:org.testing.testScripts.TC1@694e1548]" started-at="2024-09-01T21:26:46Z" name="closure" finished-at="2024-09-01T21:26:48Z" duration-ms="2130" status="PASS">
        </test-method>
      </class>
      <class name="org.testing.testScripts.TC2">
        <test-method is-config="true" signature="init()[pri:0, instance:org.testing.testScripts.TC2@614ddd49]" started-at="2024-09-01T21:26:48Z" name="init" finished-at="2024-09-01T21:26:53Z" duration-ms="4872" status="PASS">
        </test-method>
        <test-method signature="testcase2()[pri:0, instance:org.testing.testScripts.TC2@614ddd49]" started-at="2024-09-01T21:26:53Z" name="testcase2" finished-at="2024-09-01T21:27:17Z" duration-ms="24377" status="PASS">
        </test-method>
        <test-method is-config="true" signature="closure()[pri:0, instance:org.testing.testScripts.TC2@614ddd49]" started-at="2024-09-01T21:27:17Z" name="closure" finished-at="2024-09-01T21:27:20Z" duration-ms="2319" status="PASS">
        </test-method>
      </class>
      <class name="org.testing.testScripts.TC3">
        <test-method is-config="true" signature="init()[pri:0, instance:org.testing.testScripts.TC3@1f554b06]" started-at="2024-09-01T21:27:20Z" name="init" finished-at="2024-09-01T21:27:25Z" duration-ms="4986" status="PASS">
        </test-method>
        <test-method signature="testcase3()[pri:0, instance:org.testing.testScripts.TC3@1f554b06]" started-at="2024-09-01T21:27:25Z" name="testcase3" finished-at="2024-09-01T21:27:50Z" duration-ms="25011" status="PASS">
        </test-method>
        <test-method is-config="true" signature="closure()[pri:0, instance:org.testing.testScripts.TC3@1f554b06]" started-at="2024-09-01T21:27:50Z" name="closure" finished-at="2024-09-01T21:27:52Z" duration-ms="2188" status="PASS">
        </test-method>
      </class>
      <class name="org.testing.testScripts.TC4">
        <test-method is-config="true" signature="setupSuite()[pri:0, instance:org.testing.testScripts.TC4@76707e36]" started-at="2024-09-01T21:26:13Z" name="setupSuite" finished-at="2024-09-01T21:26:14Z" duration-ms="83" status="PASS">
        </test-method>
        <test-method is-config="true" signature="init()[pri:0, instance:org.testing.testScripts.TC4@76707e36]" started-at="2024-09-01T21:27:52Z" name="init" finished-at="2024-09-01T21:27:57Z" duration-ms="4883" status="PASS">
        </test-method>
        <test-method signature="testcase4()[pri:0, instance:org.testing.testScripts.TC4@76707e36]" started-at="2024-09-01T21:27:57Z" name="testcase4" finished-at="2024-09-01T21:28:27Z" duration-ms="30502" status="PASS">
        </test-method>
        <test-method is-config="true" signature="closure()[pri:0, instance:org.testing.testScripts.TC4@76707e36]" started-at="2024-09-01T21:28:27Z" name="closure" finished-at="2024-09-01T21:28:29Z" duration-ms="2135" status="PASS">
        </test-method>
      </class>
    </test>
  </suite>
</testng-results>
